<?xml version="1.0" encoding="UTF-8"?>
<!-- Generated by org.testng.reporters.JUnitXMLReporter -->
<testsuite ignored="7" hostname="jhonesLG" failures="0" tests="0" name="Smoke Test" time="0.401" errors="0" timestamp="2022-12-13T21:13:18 GMT">
  <testcase classname="com.tutorialsninja.testsuite.HomePageTest" name="verifyUserShouldNavigateToDesktopsPageSuccessfully" time="0.0">
    <ignored/>
  </testcase> <!-- verifyUserShouldNavigateToDesktopsPageSuccessfully -->
  <testcase classname="com.tutorialsninja.testsuite.DesktopTest" name="verifyProductArrangeInAlphabeticalOrder" time="0.0">
    <ignored/>
  </testcase> <!-- verifyProductArrangeInAlphabeticalOrder -->
  <testcase classname="com.tutorialsninja.testsuite.MyAccountsTest" name="verifyThatUserRegisterAccountSuccessfully" time="0.0">
    <ignored/>
  </testcase> <!-- verifyThatUserRegisterAccountSuccessfully -->
  <testcase classname="com.tutorialsninja.testsuite.LaptopsAndNotebooksTest" name="verifyProductsPriceDisplayHighToLowSuccessfully" time="0.0">
    <ignored/>
  </testcase> <!-- verifyProductsPriceDisplayHighToLowSuccessfully -->
  <testcase classname="com.tutorialsninja.testsuite.HomePageTest" name="verifyUserShouldNavigateToComponentsPageSuccessfully" time="0.0">
    <ignored/>
  </testcase> <!-- verifyUserShouldNavigateToComponentsPageSuccessfully -->
  <testcase classname="com.tutorialsninja.testsuite.MyAccountsTest" name="verifyThatUserShouldLoginAndLogoutSuccessfully" time="0.0">
    <ignored/>
  </testcase> <!-- verifyThatUserShouldLoginAndLogoutSuccessfully -->
  <testcase classname="com.tutorialsninja.testsuite.MyAccountsTest" name="verifyUserShouldNavigateToRegisterPageSuccessfully" time="0.0">
    <ignored/>
  </testcase> <!-- verifyUserShouldNavigateToRegisterPageSuccessfully -->
</testsuite> <!-- Smoke Test -->
