<?xml version="1.0" encoding="UTF-8"?>
<!-- Generated by org.testng.reporters.JUnitXMLReporter -->
<testsuite ignored="7" hostname="jhonesLG" failures="0" tests="0" name="Sanity Test" time="0.413" errors="0" timestamp="2022-12-13T18:11:44 GMT">
  <testcase classname="com.tutorialsninja.testsuite.HomePageTest" name="verifyUserShouldNavigateToComponentsPageSuccessfully" time="0.0">
    <ignored/>
  </testcase> <!-- verifyUserShouldNavigateToComponentsPageSuccessfully -->
  <testcase classname="com.tutorialsninja.testsuite.MyAccountsTest" name="verifyThatUserShouldLoginAndLogoutSuccessfully" time="0.0">
    <ignored/>
  </testcase> <!-- verifyThatUserShouldLoginAndLogoutSuccessfully -->
  <testcase classname="com.tutorialsninja.testsuite.MyAccountsTest" name="verifyThatUserRegisterAccountSuccessfully" time="0.0">
    <ignored/>
  </testcase> <!-- verifyThatUserRegisterAccountSuccessfully -->
  <testcase classname="com.tutorialsninja.testsuite.DesktopTest" name="verifyProductAddedToShoppingCartSuccessFully" time="0.0">
    <ignored/>
  </testcase> <!-- verifyProductAddedToShoppingCartSuccessFully -->
  <testcase classname="com.tutorialsninja.testsuite.HomePageTest" name="verifyUserShouldNavigateToLaptopsAndNotebooksPageSuccessfully" time="0.0">
    <ignored/>
  </testcase> <!-- verifyUserShouldNavigateToLaptopsAndNotebooksPageSuccessfully -->
  <testcase classname="com.tutorialsninja.testsuite.LaptopsAndNotebooksTest" name="verifyThatUserPlaceOrderSuccessfully" time="0.0">
    <ignored/>
  </testcase> <!-- verifyThatUserPlaceOrderSuccessfully -->
  <testcase classname="com.tutorialsninja.testsuite.MyAccountsTest" name="verifyUserShouldNavigateToLoginPageSuccessfully" time="0.0">
    <ignored/>
  </testcase> <!-- verifyUserShouldNavigateToLoginPageSuccessfully -->
</testsuite> <!-- Sanity Test -->
