<?xml version="1.0" encoding="UTF-8"?>
<testsuite name="Sanity Test"
           tests="3"
           failures="0"
           errors="0"
           skipped="0"
           time="2.661">
  <properties />
  
  
            <testcase name="verifyUserShouldNavigateToDesktopsPageSuccessfully" time="1.138" classname="com.tutorialsninja.testsuite.HomePageTest" />
                <testcase name="verifyUserShouldNavigateToLaptopsAndNotebooksPageSuccessfully" time="0.829" classname="com.tutorialsninja.testsuite.HomePageTest" />
                <testcase name="verifyUserShouldNavigateToComponentsPageSuccessfully" time="0.694" classname="com.tutorialsninja.testsuite.HomePageTest" />
      
</testsuite>
