<?xml version="1.0" encoding="UTF-8"?>
<testng-results ignored="1" total="2" passed="0" failed="1" skipped="0">
  <reporter-output>
    <line>
      <![CDATA[Mouse Hovering to Desktop and Clicking on it: [[ChromeDriver: chrome on WINDOWS (9c1b8a1f3b7355dd77260c7ca2ee495e)] -> link text: Desktops]]]>
    </line>
    <line>
      <![CDATA[Selecting text from drop down]]>
    </line>
    <line>
      <![CDATA[Clicking on HP product]]>
    </line>
    <line>
      <![CDATA[Displaying error message]]>
    </line>
    <line>
      <![CDATA[Selecting date, month and year]]>
    </line>
    <line>
      <![CDATA[Enter quantity to quantity field [[ChromeDriver: chrome on WINDOWS (9c1b8a1f3b7355dd77260c7ca2ee495e)] -> id: input-quantity]]]>
    </line>
    <line>
      <![CDATA[Clicking on add to cart button]]>
    </line>
    <line>
      <![CDATA[Displaying error message]]>
    </line>
    <line>
      <![CDATA[Clicking on shopping cart link]]>
    </line>
  </reporter-output>
  <suite started-at="2022-12-13T21:13:31 GMT" name="Default Suite" finished-at="2022-12-13T21:14:09 GMT" duration-ms="38571">
    <groups>
      <group name="regression">
        <method signature="DesktopTest.verifyProductAddedToShoppingCartSuccessFully()[pri:0, instance:com.tutorialsninja.testsuite.DesktopTest@56de5251]" name="verifyProductAddedToShoppingCartSuccessFully" class="com.tutorialsninja.testsuite.DesktopTest"/>
      </group> <!-- regression -->
      <group name="smoke">
        <method signature="DesktopTest.verifyProductAddedToShoppingCartSuccessFully()[pri:0, instance:com.tutorialsninja.testsuite.DesktopTest@56de5251]" name="verifyProductAddedToShoppingCartSuccessFully" class="com.tutorialsninja.testsuite.DesktopTest"/>
      </group> <!-- smoke -->
    </groups>
    <test started-at="2022-12-13T21:13:31 GMT" name="com-tutorials-pagefactory-komal" finished-at="2022-12-13T21:14:09 GMT" duration-ms="38571">
      <class name="com.tutorialsninja.testsuite.DesktopTest">
        <test-method is-config="true" signature="setUp()[pri:0, instance:com.tutorialsninja.testsuite.DesktopTest@56de5251]" started-at="2022-12-13T21:13:31 GMT" name="setUp" finished-at="2022-12-13T21:13:36 GMT" duration-ms="5224" status="PASS">
          <reporter-output>
          </reporter-output>
        </test-method> <!-- setUp -->
        <test-method is-config="true" signature="inIt()[pri:0, instance:com.tutorialsninja.testsuite.DesktopTest@56de5251]" started-at="2022-12-13T21:13:36 GMT" name="inIt" finished-at="2022-12-13T21:13:36 GMT" duration-ms="37" status="PASS">
          <reporter-output>
          </reporter-output>
        </test-method> <!-- inIt -->
        <test-method signature="verifyProductAddedToShoppingCartSuccessFully()[pri:0, instance:com.tutorialsninja.testsuite.DesktopTest@56de5251]" started-at="2022-12-13T21:13:36 GMT" name="verifyProductAddedToShoppingCartSuccessFully" finished-at="2022-12-13T21:14:09 GMT" duration-ms="32931" status="FAIL">
          <exception class="org.openqa.selenium.NoSuchElementException">
            <message>
              <![CDATA[no such element: Unable to locate element: {"method":"xpath","selector":"//a[contains(text(),'shopping cart')]"}
  (Session info: chrome=108.0.5359.99)
For documentation on this error, please visit: https://selenium.dev/exceptions/#no_such_element
Build info: version: '4.6.0', revision: '79f1c02ae20'
System info: os.name: 'Windows 11', os.arch: 'amd64', os.version: '10.0', java.version: '17.0.3'
Driver info: org.openqa.selenium.chrome.ChromeDriver
Command: [9c1b8a1f3b7355dd77260c7ca2ee495e, findElement {using=xpath, value=//a[contains(text(),'shopping cart')]}]
Capabilities {acceptInsecureCerts: false, browserName: chrome, browserVersion: 108.0.5359.99, chrome: {chromedriverVersion: 108.0.5359.71 (1e0e3868ee06..., userDataDir: C:\Users\Komal\AppData\Loca...}, goog:chromeOptions: {debuggerAddress: localhost:59101}, networkConnectionEnabled: false, pageLoadStrategy: normal, platformName: WINDOWS, proxy: Proxy(), se:cdp: ws://localhost:59101/devtoo..., se:cdpVersion: 108.0.5359.99, setWindowRect: true, strictFileInteractability: false, timeouts: {implicit: 0, pageLoad: 300000, script: 30000}, unhandledPromptBehavior: dismiss and notify, webauthn:extension:credBlob: true, webauthn:extension:largeBlob: true, webauthn:virtualAuthenticators: true}
Session ID: 9c1b8a1f3b7355dd77260c7ca2ee495e]]>
            </message>
            <full-stacktrace>
              <![CDATA[org.openqa.selenium.NoSuchElementException: no such element: Unable to locate element: {"method":"xpath","selector":"//a[contains(text(),'shopping cart')]"}
  (Session info: chrome=108.0.5359.99)
For documentation on this error, please visit: https://selenium.dev/exceptions/#no_such_element
Build info: version: '4.6.0', revision: '79f1c02ae20'
System info: os.name: 'Windows 11', os.arch: 'amd64', os.version: '10.0', java.version: '17.0.3'
Driver info: org.openqa.selenium.chrome.ChromeDriver
Command: [9c1b8a1f3b7355dd77260c7ca2ee495e, findElement {using=xpath, value=//a[contains(text(),'shopping cart')]}]
Capabilities {acceptInsecureCerts: false, browserName: chrome, browserVersion: 108.0.5359.99, chrome: {chromedriverVersion: 108.0.5359.71 (1e0e3868ee06..., userDataDir: C:\Users\Komal\AppData\Loca...}, goog:chromeOptions: {debuggerAddress: localhost:59101}, networkConnectionEnabled: false, pageLoadStrategy: normal, platformName: WINDOWS, proxy: Proxy(), se:cdp: ws://localhost:59101/devtoo..., se:cdpVersion: 108.0.5359.99, setWindowRect: true, strictFileInteractability: false, timeouts: {implicit: 0, pageLoad: 300000, script: 30000}, unhandledPromptBehavior: dismiss and notify, webauthn:extension:credBlob: true, webauthn:extension:largeBlob: true, webauthn:virtualAuthenticators: true}
Session ID: 9c1b8a1f3b7355dd77260c7ca2ee495e
at java.base/jdk.internal.reflect.NativeConstructorAccessorImpl.newInstance0(Native Method)
at java.base/jdk.internal.reflect.NativeConstructorAccessorImpl.newInstance(NativeConstructorAccessorImpl.java:77)
at java.base/jdk.internal.reflect.DelegatingConstructorAccessorImpl.newInstance(DelegatingConstructorAccessorImpl.java:45)
at java.base/java.lang.reflect.Constructor.newInstanceWithCaller(Constructor.java:499)
at java.base/java.lang.reflect.Constructor.newInstance(Constructor.java:480)
at org.openqa.selenium.remote.codec.w3c.W3CHttpResponseCodec.createException(W3CHttpResponseCodec.java:200)
at org.openqa.selenium.remote.codec.w3c.W3CHttpResponseCodec.decode(W3CHttpResponseCodec.java:133)
at org.openqa.selenium.remote.codec.w3c.W3CHttpResponseCodec.decode(W3CHttpResponseCodec.java:53)
at org.openqa.selenium.remote.HttpCommandExecutor.execute(HttpCommandExecutor.java:184)
at org.openqa.selenium.remote.service.DriverCommandExecutor.invokeExecute(DriverCommandExecutor.java:167)
at org.openqa.selenium.remote.service.DriverCommandExecutor.execute(DriverCommandExecutor.java:142)
at org.openqa.selenium.remote.RemoteWebDriver.execute(RemoteWebDriver.java:541)
at org.openqa.selenium.remote.ElementLocation$ElementFinder$2.findElement(ElementLocation.java:162)
at org.openqa.selenium.remote.ElementLocation.findElement(ElementLocation.java:60)
at org.openqa.selenium.remote.RemoteWebDriver.findElement(RemoteWebDriver.java:365)
at org.openqa.selenium.remote.RemoteWebDriver.findElement(RemoteWebDriver.java:357)
at org.openqa.selenium.support.pagefactory.DefaultElementLocator.findElement(DefaultElementLocator.java:70)
at org.openqa.selenium.support.pagefactory.internal.LocatingElementHandler.invoke(LocatingElementHandler.java:39)
at jdk.proxy2/jdk.proxy2.$Proxy17.click(Unknown Source)
at com.tutorialsninja.utility.Utility.clickOnElement(Utility.java:92)
at com.tutorialsninja.pages.HpProductPage.clickOnShoppingCartButton(HpProductPage.java:85)
at com.tutorialsninja.testsuite.DesktopTest.verifyProductAddedToShoppingCartSuccessFully(DesktopTest.java:48)
at java.base/jdk.internal.reflect.NativeMethodAccessorImpl.invoke0(Native Method)
at java.base/jdk.internal.reflect.NativeMethodAccessorImpl.invoke(NativeMethodAccessorImpl.java:77)
at java.base/jdk.internal.reflect.DelegatingMethodAccessorImpl.invoke(DelegatingMethodAccessorImpl.java:43)
at java.base/java.lang.reflect.Method.invoke(Method.java:568)
at org.testng.internal.invokers.MethodInvocationHelper.invokeMethod(MethodInvocationHelper.java:135)
at org.testng.internal.invokers.TestInvoker.invokeMethod(TestInvoker.java:673)
at org.testng.internal.invokers.TestInvoker.invokeTestMethod(TestInvoker.java:220)
at org.testng.internal.invokers.MethodRunner.runInSequence(MethodRunner.java:50)
at org.testng.internal.invokers.TestInvoker$MethodInvocationAgent.invoke(TestInvoker.java:945)
at org.testng.internal.invokers.TestInvoker.invokeTestMethods(TestInvoker.java:193)
at org.testng.internal.invokers.TestMethodWorker.invokeTestMethods(TestMethodWorker.java:146)
at org.testng.internal.invokers.TestMethodWorker.run(TestMethodWorker.java:128)
at java.base/java.util.ArrayList.forEach(ArrayList.java:1511)
at org.testng.TestRunner.privateRun(TestRunner.java:808)
at org.testng.TestRunner.run(TestRunner.java:603)
at org.testng.SuiteRunner.runTest(SuiteRunner.java:429)
at org.testng.SuiteRunner.runSequentially(SuiteRunner.java:423)
at org.testng.SuiteRunner.privateRun(SuiteRunner.java:383)
at org.testng.SuiteRunner.run(SuiteRunner.java:326)
at org.testng.SuiteRunnerWorker.runSuite(SuiteRunnerWorker.java:52)
at org.testng.SuiteRunnerWorker.run(SuiteRunnerWorker.java:95)
at org.testng.TestNG.runSuitesSequentially(TestNG.java:1249)
at org.testng.TestNG.runSuitesLocally(TestNG.java:1169)
at org.testng.TestNG.runSuites(TestNG.java:1092)
at org.testng.TestNG.run(TestNG.java:1060)
at com.intellij.rt.testng.IDEARemoteTestNG.run(IDEARemoteTestNG.java:66)
at com.intellij.rt.testng.RemoteTestNGStarter.main(RemoteTestNGStarter.java:109)
]]>
            </full-stacktrace>
          </exception> <!-- org.openqa.selenium.NoSuchElementException -->
          <reporter-output>
            <line>
              <![CDATA[Mouse Hovering to Desktop and Clicking on it: [[ChromeDriver: chrome on WINDOWS (9c1b8a1f3b7355dd77260c7ca2ee495e)] -> link text: Desktops]]]>
            </line>
            <line>
              <![CDATA[Selecting text from drop down]]>
            </line>
            <line>
              <![CDATA[Clicking on HP product]]>
            </line>
            <line>
              <![CDATA[Displaying error message]]>
            </line>
            <line>
              <![CDATA[Selecting date, month and year]]>
            </line>
            <line>
              <![CDATA[Enter quantity to quantity field [[ChromeDriver: chrome on WINDOWS (9c1b8a1f3b7355dd77260c7ca2ee495e)] -> id: input-quantity]]]>
            </line>
            <line>
              <![CDATA[Clicking on add to cart button]]>
            </line>
            <line>
              <![CDATA[Displaying error message]]>
            </line>
            <line>
              <![CDATA[Clicking on shopping cart link]]>
            </line>
          </reporter-output>
        </test-method> <!-- verifyProductAddedToShoppingCartSuccessFully -->
        <test-method is-config="true" signature="tearDown()[pri:0, instance:com.tutorialsninja.testsuite.DesktopTest@56de5251]" started-at="2022-12-13T21:14:09 GMT" name="tearDown" finished-at="2022-12-13T21:14:09 GMT" duration-ms="319" status="PASS">
          <reporter-output>
          </reporter-output>
        </test-method> <!-- tearDown -->
      </class> <!-- com.tutorialsninja.testsuite.DesktopTest -->
    </test> <!-- com-tutorials-pagefactory-komal -->
  </suite> <!-- Default Suite -->
</testng-results>
